# JRE version: OpenJDK Runtime Environment (21.0.4) (build 21.0.4+-12508038-b607.1)
# Java VM: OpenJDK 64-Bit Server VM (21.0.4+-12508038-b607.1, mixed mode, tiered, compressed oops, compressed class ptrs, g1 gc, windows-amd64)
GC Precious Log:
 CardTable entry size: 512
 Card Set container configuration: InlinePtr #cards 5 size 8 Array Of Cards #cards 12 size 40 Howl #buckets 4 coarsen threshold 1843 Howl Bitmap #cards 512 size 80 coarsen threshold 460 Card regions per heap region 1 cards per card region 2048
 CPUs: 12 total, 12 available
 Memory: 16122M
 Large Page Support: Disabled
 NUMA Support: Disabled
 Compressed Oops: Enabled (32-bit)
 Heap Region Size: 1M
 Heap Min Capacity: 8M
 Heap Initial Capacity: 252M
 Heap Max Capacity: 2G
 Pre-touch: Disabled
 Parallel Workers: 10
 Concurrent Workers: 3
 Concurrent Refinement Workers: 10
 Periodic GC: Disabled
Heap:
 garbage-first heap   total 174080K, used 135914K [0x0000000080000000, 0x0000000100000000)
  region size 1024K, 31 young (31744K), 5 survivors (5120K)
 Metaspace       used 114332K, committed 116480K, reserved 1179648K
  class space    used 15596K, committed 16704K, reserved 1048576K
GC Heap History (20 events):
Event: 10.716 GC heap before
{Heap before GC invocations=24 (full 0):
 garbage-first heap   total 134144K, used 118848K [0x0000000080000000, 0x0000000100000000)
  region size 1024K, 46 young (47104K), 6 survivors (6144K)
 Metaspace       used 84251K, committed 86144K, reserved 1179648K
  class space    used 11347K, committed 12288K, reserved 1048576K
}
Event: 10.722 GC heap after
{Heap after GC invocations=25 (full 0):
 garbage-first heap   total 134144K, used 79924K [0x0000000080000000, 0x0000000100000000)
  region size 1024K, 3 young (3072K), 3 survivors (3072K)
 Metaspace       used 84251K, committed 86144K, reserved 1179648K
  class space    used 11347K, committed 12288K, reserved 1048576K
}
Event: 11.212 GC heap before
{Heap before GC invocations=25 (full 0):
 garbage-first heap   total 134144K, used 119860K [0x0000000080000000, 0x0000000100000000)
  region size 1024K, 43 young (44032K), 3 survivors (3072K)
 Metaspace       used 87407K, committed 89280K, reserved 1179648K
  class space    used 11754K, committed 12736K, reserved 1048576K
}
Event: 11.216 GC heap after
{Heap after GC invocations=26 (full 0):
 garbage-first heap   total 134144K, used 81099K [0x0000000080000000, 0x0000000100000000)
  region size 1024K, 4 young (4096K), 4 survivors (4096K)
 Metaspace       used 87407K, committed 89280K, reserved 1179648K
  class space    used 11754K, committed 12736K, reserved 1048576K
}
Event: 11.713 GC heap before
{Heap before GC invocations=27 (full 0):
 garbage-first heap   total 142336K, used 124107K [0x0000000080000000, 0x0000000100000000)
  region size 1024K, 43 young (44032K), 4 survivors (4096K)
 Metaspace       used 88548K, committed 90432K, reserved 1179648K
  class space    used 11925K, committed 12864K, reserved 1048576K
}
Event: 11.718 GC heap after
{Heap after GC invocations=28 (full 0):
 garbage-first heap   total 171008K, used 88936K [0x0000000080000000, 0x0000000100000000)
  region size 1024K, 6 young (6144K), 6 survivors (6144K)
 Metaspace       used 88548K, committed 90432K, reserved 1179648K
  class space    used 11925K, committed 12864K, reserved 1048576K
}
Event: 12.443 GC heap before
{Heap before GC invocations=28 (full 0):
 garbage-first heap   total 171008K, used 147304K [0x0000000080000000, 0x0000000100000000)
  region size 1024K, 62 young (63488K), 6 survivors (6144K)
 Metaspace       used 92705K, committed 94720K, reserved 1179648K
  class space    used 12509K, committed 13504K, reserved 1048576K
}
Event: 12.448 GC heap after
{Heap after GC invocations=29 (full 0):
 garbage-first heap   total 171008K, used 90663K [0x0000000080000000, 0x0000000100000000)
  region size 1024K, 3 young (3072K), 3 survivors (3072K)
 Metaspace       used 92705K, committed 94720K, reserved 1179648K
  class space    used 12509K, committed 13504K, reserved 1048576K
}
Event: 13.226 GC heap before
{Heap before GC invocations=29 (full 0):
 garbage-first heap   total 171008K, used 149031K [0x0000000080000000, 0x0000000100000000)
  region size 1024K, 60 young (61440K), 3 survivors (3072K)
 Metaspace       used 97377K, committed 99392K, reserved 1179648K
  class space    used 13296K, committed 14336K, reserved 1048576K
}
Event: 13.231 GC heap after
{Heap after GC invocations=30 (full 0):
 garbage-first heap   total 171008K, used 92668K [0x0000000080000000, 0x0000000100000000)
  region size 1024K, 5 young (5120K), 5 survivors (5120K)
 Metaspace       used 97377K, committed 99392K, reserved 1179648K
  class space    used 13296K, committed 14336K, reserved 1048576K
}
Event: 13.983 GC heap before
{Heap before GC invocations=31 (full 0):
 garbage-first heap   total 171008K, used 152060K [0x0000000080000000, 0x0000000100000000)
  region size 1024K, 63 young (64512K), 5 survivors (5120K)
 Metaspace       used 101272K, committed 103360K, reserved 1179648K
  class space    used 13907K, committed 14976K, reserved 1048576K
}
Event: 13.989 GC heap after
{Heap after GC invocations=32 (full 0):
 garbage-first heap   total 171008K, used 97074K [0x0000000080000000, 0x0000000100000000)
  region size 1024K, 7 young (7168K), 7 survivors (7168K)
 Metaspace       used 101272K, committed 103360K, reserved 1179648K
  class space    used 13907K, committed 14976K, reserved 1048576K
}
Event: 14.759 GC heap before
{Heap before GC invocations=32 (full 0):
 garbage-first heap   total 171008K, used 153394K [0x0000000080000000, 0x0000000100000000)
  region size 1024K, 62 young (63488K), 7 survivors (7168K)
 Metaspace       used 106484K, committed 108544K, reserved 1179648K
  class space    used 14625K, committed 15680K, reserved 1048576K
}
Event: 14.765 GC heap after
{Heap after GC invocations=33 (full 0):
 garbage-first heap   total 171008K, used 99003K [0x0000000080000000, 0x0000000100000000)
  region size 1024K, 8 young (8192K), 8 survivors (8192K)
 Metaspace       used 106484K, committed 108544K, reserved 1179648K
  class space    used 14625K, committed 15680K, reserved 1048576K
}
Event: 15.605 GC heap before
{Heap before GC invocations=33 (full 0):
 garbage-first heap   total 171008K, used 152251K [0x0000000080000000, 0x0000000100000000)
  region size 1024K, 60 young (61440K), 8 survivors (8192K)
 Metaspace       used 110005K, committed 112128K, reserved 1179648K
  class space    used 15131K, committed 16192K, reserved 1048576K
}
Event: 15.613 GC heap after
{Heap after GC invocations=34 (full 0):
 garbage-first heap   total 171008K, used 104024K [0x0000000080000000, 0x0000000100000000)
  region size 1024K, 8 young (8192K), 8 survivors (8192K)
 Metaspace       used 110005K, committed 112128K, reserved 1179648K
  class space    used 15131K, committed 16192K, reserved 1048576K
}
Event: 15.950 GC heap before
{Heap before GC invocations=35 (full 0):
 garbage-first heap   total 174080K, used 152152K [0x0000000080000000, 0x0000000100000000)
  region size 1024K, 56 young (57344K), 8 survivors (8192K)
 Metaspace       used 110185K, committed 112384K, reserved 1179648K
  class space    used 15148K, committed 16256K, reserved 1048576K
}
Event: 15.958 GC heap after
{Heap after GC invocations=36 (full 0):
 garbage-first heap   total 174080K, used 109867K [0x0000000080000000, 0x0000000100000000)
  region size 1024K, 6 young (6144K), 6 survivors (6144K)
 Metaspace       used 110185K, committed 112384K, reserved 1179648K
  class space    used 15148K, committed 16256K, reserved 1048576K
}
Event: 16.414 GC heap before
{Heap before GC invocations=36 (full 0):
 garbage-first heap   total 174080K, used 162091K [0x0000000080000000, 0x0000000100000000)
  region size 1024K, 53 young (54272K), 6 survivors (6144K)
 Metaspace       used 112709K, committed 114880K, reserved 1179648K
  class space    used 15395K, committed 16512K, reserved 1048576K
}
Event: 16.420 GC heap after
{Heap after GC invocations=37 (full 0):
 garbage-first heap   total 174080K, used 111338K [0x0000000080000000, 0x0000000100000000)
  region size 1024K, 5 young (5120K), 5 survivors (5120K)
 Metaspace       used 112709K, committed 114880K, reserved 1179648K
  class space    used 15395K, committed 16512K, reserved 1048576K
}

